<?xml version="1.0" encoding="UTF-8"?>
<!-- Generated by org.testng.reporters.JUnitXMLReporter -->
<testsuite hostname="meldas-MacBook-Pro.local" ignored="4" name="Critical Functionalities" tests="6" failures="1" timestamp="2022-06-06T10:57:14 CDT" time="340.559" errors="0">
  <testcase name="testAppleTitle" time="0.849" classname="scripts._01_AppleTest"/>
  <testcase name="testApplicationFormHeading" time="2.045" classname="scripts._02_TechGlobalTest"/>
  <testcase name="testGoogleSearch" time="2.768" classname="scripts._04_GoogleSearchTest"/>
  <testcase name="testEtsyLogo" time="2.491" classname="scripts._03_EtsyTest"/>
  <testcase name="testEtsySearch" time="3.929" classname="scripts._03_EtsyTest"/>
  <testcase name="testEtsySearchResult" time="300.022" classname="scripts._03_EtsyTest">
    <failure type="org.openqa.selenium.TimeoutException" message="timeout: Timed out receiving message from renderer: 299.545
  (Session info: chrome=102.0.5005.61)
Build info: version: &amp;apos;3.141.59&amp;apos;, revision: &amp;apos;e82be7d358&amp;apos;, time: &amp;apos;2018-11-14T08:17:03&amp;apos;
System info: host: &amp;apos;meldas-MacBook-Pro.local&amp;apos;, ip: &amp;apos;fd4d:b131:412c:1:1c55:2def:8398:be73%en0&amp;apos;, os.name: &amp;apos;Mac OS X&amp;apos;, os.arch: &amp;apos;x86_64&amp;apos;, os.version: &amp;apos;11.6&amp;apos;, java.version: &amp;apos;1.8.0_321&amp;apos;
Driver info: org.openqa.selenium.chrome.ChromeDriver
Capabilities {acceptInsecureCerts: false, browserName: chrome, browserVersion: 102.0.5005.61, chrome: {chromedriverVersion: 102.0.5005.61 (0e59bcc00cc4..., userDataDir: /var/folders/4r/tgl6cwq554n...}, goog:chromeOptions: {debuggerAddress: localhost:58337}, javascriptEnabled: true, networkConnectionEnabled: false, pageLoadStrategy: normal, platform: MAC, platformName: MAC, proxy: Proxy(), setWindowRect: true, strictFileInteractability: false, timeouts: {implicit: 0, pageLoad: 300000, script: 30000}, unhandledPromptBehavior: dismiss and notify, webauthn:extension:credBlob: true, webauthn:extension:largeBlob: true, webauthn:virtualAuthenticators: true}
Session ID: fb8bed0a1389b86fbd9c0c512e7e180e">
      <![CDATA[org.openqa.selenium.TimeoutException: timeout: Timed out receiving message from renderer: 299.545
  (Session info: chrome=102.0.5005.61)
Build info: version: '3.141.59', revision: 'e82be7d358', time: '2018-11-14T08:17:03'
System info: host: 'meldas-MacBook-Pro.local', ip: 'fd4d:b131:412c:1:1c55:2def:8398:be73%en0', os.name: 'Mac OS X', os.arch: 'x86_64', os.version: '11.6', java.version: '1.8.0_321'
Driver info: org.openqa.selenium.chrome.ChromeDriver
Capabilities {acceptInsecureCerts: false, browserName: chrome, browserVersion: 102.0.5005.61, chrome: {chromedriverVersion: 102.0.5005.61 (0e59bcc00cc4..., userDataDir: /var/folders/4r/tgl6cwq554n...}, goog:chromeOptions: {debuggerAddress: localhost:58337}, javascriptEnabled: true, networkConnectionEnabled: false, pageLoadStrategy: normal, platform: MAC, platformName: MAC, proxy: Proxy(), setWindowRect: true, strictFileInteractability: false, timeouts: {implicit: 0, pageLoad: 300000, script: 30000}, unhandledPromptBehavior: dismiss and notify, webauthn:extension:credBlob: true, webauthn:extension:largeBlob: true, webauthn:virtualAuthenticators: true}
Session ID: fb8bed0a1389b86fbd9c0c512e7e180e
at org.openqa.selenium.remote.http.W3CHttpResponseCodec.createException(W3CHttpResponseCodec.java:187)
at org.openqa.selenium.remote.http.W3CHttpResponseCodec.decode(W3CHttpResponseCodec.java:122)
at org.openqa.selenium.remote.http.W3CHttpResponseCodec.decode(W3CHttpResponseCodec.java:49)
at org.openqa.selenium.remote.HttpCommandExecutor.execute(HttpCommandExecutor.java:158)
at org.openqa.selenium.remote.service.DriverCommandExecutor.execute(DriverCommandExecutor.java:83)
at org.openqa.selenium.remote.RemoteWebDriver.execute(RemoteWebDriver.java:552)
at org.openqa.selenium.remote.RemoteWebDriver.get(RemoteWebDriver.java:277)
at scripts._03_EtsyTest.testEtsySearchResult(_03_EtsyTest.java:49)
at java.util.ArrayList.forEach(ArrayList.java:1259)
... Removed 34 stack frames]]>
    </failure>
  </testcase> <!-- testEtsySearchResult -->
  <testcase name="testAppleURL" time="0.0" classname="scripts._01_AppleTest">
    <ignored/>
  </testcase> <!-- testAppleURL -->
  <testcase name="testGoogleStoreLink" time="0.0" classname="scripts._04_GoogleSearchTest">
    <ignored/>
  </testcase> <!-- testGoogleStoreLink -->
  <testcase name="X" time="0.0" classname="scripts._01_AppleTest">
    <ignored/>
  </testcase> <!-- X -->
  <testcase name="testMainHeader" time="0.0" classname="scripts._03_EtsyTest">
    <ignored/>
  </testcase> <!-- testMainHeader -->
</testsuite> <!-- Critical Functionalities -->
