<?xml version="1.0" encoding="UTF-8"?>
<testng-results ignored="1" total="10" passed="8" failed="1" skipped="0">
  <reporter-output>
  </reporter-output>
  <suite started-at="2022-05-28T11:04:41 CDT" name="Command line suite" finished-at="2022-05-28T11:05:40 CDT" duration-ms="59357">
    <groups>
    </groups>
    <test started-at="2022-05-28T11:04:41 CDT" name="Command line test" finished-at="2022-05-28T11:05:40 CDT" duration-ms="59357">
      <class name="scripts._03_EtsyTest">
        <test-method is-config="true" signature="setup()[pri:0, instance:scripts._03_EtsyTest@4524411f]" started-at="2022-05-28T11:04:41 CDT" name="setup" finished-at="2022-05-28T11:04:43 CDT" duration-ms="2451" status="PASS">
          <reporter-output>
          </reporter-output>
        </test-method> <!-- setup -->
        <test-method signature="testEtsyLogo()[pri:1, instance:scripts._03_EtsyTest@4524411f]" started-at="2022-05-28T11:04:43 CDT" name="testEtsyLogo" finished-at="2022-05-28T11:04:45 CDT" duration-ms="1839" status="PASS">
          <reporter-output>
          </reporter-output>
        </test-method> <!-- testEtsyLogo -->
        <test-method is-config="true" signature="teardown()[pri:0, instance:scripts._03_EtsyTest@4524411f]" started-at="2022-05-28T11:04:45 CDT" name="teardown" finished-at="2022-05-28T11:04:48 CDT" duration-ms="3137" status="PASS">
          <reporter-output>
          </reporter-output>
        </test-method> <!-- teardown -->
        <test-method is-config="true" signature="setup()[pri:0, instance:scripts._03_EtsyTest@4524411f]" started-at="2022-05-28T11:04:48 CDT" name="setup" finished-at="2022-05-28T11:04:49 CDT" duration-ms="1361" status="PASS">
          <reporter-output>
          </reporter-output>
        </test-method> <!-- setup -->
        <test-method signature="testEtsySearch()[pri:3, instance:scripts._03_EtsyTest@4524411f]" started-at="2022-05-28T11:04:49 CDT" name="testEtsySearch" finished-at="2022-05-28T11:04:52 CDT" duration-ms="2064" status="PASS">
          <reporter-output>
          </reporter-output>
        </test-method> <!-- testEtsySearch -->
        <test-method is-config="true" signature="teardown()[pri:0, instance:scripts._03_EtsyTest@4524411f]" started-at="2022-05-28T11:04:52 CDT" name="teardown" finished-at="2022-05-28T11:04:55 CDT" duration-ms="3150" status="PASS">
          <reporter-output>
          </reporter-output>
        </test-method> <!-- teardown -->
        <test-method is-config="true" signature="setup()[pri:0, instance:scripts._03_EtsyTest@4524411f]" started-at="2022-05-28T11:04:55 CDT" name="setup" finished-at="2022-05-28T11:04:56 CDT" duration-ms="1406" status="PASS">
          <reporter-output>
          </reporter-output>
        </test-method> <!-- setup -->
        <test-method signature="testEtsySearchResult()[pri:2, instance:scripts._03_EtsyTest@4524411f]" started-at="2022-05-28T11:04:56 CDT" name="testEtsySearchResult" finished-at="2022-05-28T11:05:00 CDT" depends-on-methods="scripts._03_EtsyTest.testEtsySearch" duration-ms="4090" status="PASS">
          <reporter-output>
          </reporter-output>
        </test-method> <!-- testEtsySearchResult -->
        <test-method is-config="true" signature="teardown()[pri:0, instance:scripts._03_EtsyTest@4524411f]" started-at="2022-05-28T11:05:00 CDT" name="teardown" finished-at="2022-05-28T11:05:03 CDT" duration-ms="3170" status="PASS">
          <reporter-output>
          </reporter-output>
        </test-method> <!-- teardown -->
        <test-method is-config="true" signature="setup()[pri:0, instance:scripts._03_EtsyTest@4524411f]" started-at="2022-05-28T11:05:03 CDT" name="setup" finished-at="2022-05-28T11:05:05 CDT" duration-ms="1391" status="PASS">
          <reporter-output>
          </reporter-output>
        </test-method> <!-- setup -->
        <test-method signature="testMainHeader()[pri:4, instance:scripts._03_EtsyTest@4524411f]" started-at="2022-05-28T11:05:05 CDT" name="testMainHeader" description="TC905:Validate Etsy main header" finished-at="2022-05-28T11:05:07 CDT" duration-ms="2004" status="FAIL">
          <exception class="java.lang.AssertionError">
            <message>
              <![CDATA[expected [Father's Day Gifts] but found [Shop Home Sales!]]]>
            </message>
            <full-stacktrace>
              <![CDATA[java.lang.AssertionError: expected [Father's Day Gifts] but found [Shop Home Sales!]
at org.testng.Assert.fail(Assert.java:97)
at org.testng.Assert.assertEqualsImpl(Assert.java:136)
at org.testng.Assert.assertEquals(Assert.java:118)
at org.testng.Assert.assertEquals(Assert.java:575)
at org.testng.Assert.assertEquals(Assert.java:585)
at scripts._03_EtsyTest.testMainHeader(_03_EtsyTest.java:90)
at java.base/jdk.internal.reflect.DirectMethodHandleAccessor.invoke(DirectMethodHandleAccessor.java:104)
at java.base/java.lang.reflect.Method.invoke(Method.java:577)
at org.testng.internal.MethodInvocationHelper.invokeMethod(MethodInvocationHelper.java:134)
at org.testng.internal.TestInvoker.invokeMethod(TestInvoker.java:597)
at org.testng.internal.TestInvoker.invokeTestMethod(TestInvoker.java:173)
at org.testng.internal.MethodRunner.runInSequence(MethodRunner.java:46)
at org.testng.internal.TestInvoker$MethodInvocationAgent.invoke(TestInvoker.java:816)
at org.testng.internal.TestInvoker.invokeTestMethods(TestInvoker.java:146)
at org.testng.internal.TestMethodWorker.invokeTestMethods(TestMethodWorker.java:146)
at org.testng.internal.TestMethodWorker.run(TestMethodWorker.java:128)
at java.base/java.util.ArrayList.forEach(ArrayList.java:1511)
at org.testng.TestRunner.privateRun(TestRunner.java:766)
at org.testng.TestRunner.run(TestRunner.java:587)
at org.testng.SuiteRunner.runTest(SuiteRunner.java:384)
at org.testng.SuiteRunner.runSequentially(SuiteRunner.java:378)
at org.testng.SuiteRunner.privateRun(SuiteRunner.java:337)
at org.testng.SuiteRunner.run(SuiteRunner.java:286)
at org.testng.SuiteRunnerWorker.runSuite(SuiteRunnerWorker.java:53)
at org.testng.SuiteRunnerWorker.run(SuiteRunnerWorker.java:96)
at org.testng.TestNG.runSuitesSequentially(TestNG.java:1187)
at org.testng.TestNG.runSuitesLocally(TestNG.java:1109)
at org.testng.TestNG.runSuites(TestNG.java:1039)
at org.testng.TestNG.run(TestNG.java:1007)
at org.apache.maven.surefire.testng.TestNGExecutor.run(TestNGExecutor.java:77)
at org.apache.maven.surefire.testng.TestNGDirectoryTestSuite.executeMulti(TestNGDirectoryTestSuite.java:159)
at org.apache.maven.surefire.testng.TestNGDirectoryTestSuite.execute(TestNGDirectoryTestSuite.java:99)
at org.apache.maven.surefire.testng.TestNGProvider.invoke(TestNGProvider.java:106)
at java.base/jdk.internal.reflect.DirectMethodHandleAccessor.invoke(DirectMethodHandleAccessor.java:104)
at java.base/java.lang.reflect.Method.invoke(Method.java:577)
at org.apache.maven.surefire.util.ReflectionUtils.invokeMethodWithArray(ReflectionUtils.java:189)
at org.apache.maven.surefire.booter.ProviderFactory$ProviderProxy.invoke(ProviderFactory.java:165)
at org.apache.maven.surefire.booter.ProviderFactory.invokeProvider(ProviderFactory.java:85)
at org.apache.maven.surefire.booter.ForkedBooter.runSuitesInProcess(ForkedBooter.java:115)
at org.apache.maven.surefire.booter.ForkedBooter.main(ForkedBooter.java:75)
]]>
            </full-stacktrace>
          </exception> <!-- java.lang.AssertionError -->
          <reporter-output>
          </reporter-output>
        </test-method> <!-- testMainHeader -->
        <test-method is-config="true" signature="teardown()[pri:0, instance:scripts._03_EtsyTest@4524411f]" started-at="2022-05-28T11:05:07 CDT" name="teardown" finished-at="2022-05-28T11:05:10 CDT" duration-ms="3186" status="PASS">
          <reporter-output>
          </reporter-output>
        </test-method> <!-- teardown -->
      </class> <!-- scripts._03_EtsyTest -->
      <class name="scripts.Automation_Practice_01Test">
        <test-method is-config="true" signature="setup()[pri:0, instance:scripts.Automation_Practice_01Test@1786f9d5]" started-at="2022-05-28T11:05:23 CDT" name="setup" finished-at="2022-05-28T11:05:24 CDT" duration-ms="1375" status="PASS">
          <reporter-output>
          </reporter-output>
        </test-method> <!-- setup -->
        <test-method signature="registerUser()[pri:0, instance:scripts.Automation_Practice_01Test@1786f9d5]" started-at="2022-05-28T11:05:24 CDT" name="registerUser" finished-at="2022-05-28T11:05:26 CDT" duration-ms="2208" status="PASS">
          <reporter-output>
          </reporter-output>
        </test-method> <!-- registerUser -->
        <test-method is-config="true" signature="teardown()[pri:0, instance:scripts.Automation_Practice_01Test@1786f9d5]" started-at="2022-05-28T11:05:26 CDT" name="teardown" finished-at="2022-05-28T11:05:29 CDT" duration-ms="3176" status="PASS">
          <reporter-output>
          </reporter-output>
        </test-method> <!-- teardown -->
      </class> <!-- scripts.Automation_Practice_01Test -->
      <class name="scripts._02_TechGlobalTest">
        <test-method is-config="true" signature="setup()[pri:0, instance:scripts._02_TechGlobalTest@10dba097]" started-at="2022-05-28T11:05:17 CDT" name="setup" finished-at="2022-05-28T11:05:19 CDT" duration-ms="1392" status="PASS">
          <reporter-output>
          </reporter-output>
        </test-method> <!-- setup -->
        <test-method signature="testApplicationFormHeading()[pri:0, instance:scripts._02_TechGlobalTest@10dba097]" started-at="2022-05-28T11:05:19 CDT" name="testApplicationFormHeading" description="TG123 : Validate Application from heading" finished-at="2022-05-28T11:05:19 CDT" duration-ms="559" status="PASS">
          <reporter-output>
          </reporter-output>
        </test-method> <!-- testApplicationFormHeading -->
        <test-method is-config="true" signature="teardown()[pri:0, instance:scripts._02_TechGlobalTest@10dba097]" started-at="2022-05-28T11:05:19 CDT" name="teardown" finished-at="2022-05-28T11:05:23 CDT" duration-ms="3206" status="PASS">
          <reporter-output>
          </reporter-output>
        </test-method> <!-- teardown -->
      </class> <!-- scripts._02_TechGlobalTest -->
      <class name="scripts._01_AppleTest">
        <test-method is-config="true" signature="setup()[pri:0, instance:scripts._01_AppleTest@704d6e83]" started-at="2022-05-28T11:05:29 CDT" name="setup" finished-at="2022-05-28T11:05:31 CDT" duration-ms="1289" status="PASS">
          <reporter-output>
          </reporter-output>
        </test-method> <!-- setup -->
        <test-method signature="testAppleTitle()[pri:1, instance:scripts._01_AppleTest@704d6e83]" started-at="2022-05-28T11:05:31 CDT" name="testAppleTitle" finished-at="2022-05-28T11:05:32 CDT" duration-ms="1080" status="PASS">
          <reporter-output>
          </reporter-output>
        </test-method> <!-- testAppleTitle -->
        <test-method is-config="true" signature="teardown()[pri:0, instance:scripts._01_AppleTest@704d6e83]" started-at="2022-05-28T11:05:32 CDT" name="teardown" finished-at="2022-05-28T11:05:35 CDT" duration-ms="3127" status="PASS">
          <reporter-output>
          </reporter-output>
        </test-method> <!-- teardown -->
        <test-method is-config="true" signature="setup()[pri:0, instance:scripts._01_AppleTest@704d6e83]" started-at="2022-05-28T11:05:35 CDT" name="setup" finished-at="2022-05-28T11:05:36 CDT" duration-ms="1429" status="PASS">
          <reporter-output>
          </reporter-output>
        </test-method> <!-- setup -->
        <test-method signature="testAppleURL()[pri:2, instance:scripts._01_AppleTest@704d6e83]" started-at="2022-05-28T11:05:36 CDT" name="testAppleURL" finished-at="2022-05-28T11:05:37 CDT" duration-ms="685" status="PASS">
          <reporter-output>
          </reporter-output>
        </test-method> <!-- testAppleURL -->
        <test-method is-config="true" signature="teardown()[pri:0, instance:scripts._01_AppleTest@704d6e83]" started-at="2022-05-28T11:05:37 CDT" name="teardown" finished-at="2022-05-28T11:05:40 CDT" duration-ms="3129" status="PASS">
          <reporter-output>
          </reporter-output>
        </test-method> <!-- teardown -->
      </class> <!-- scripts._01_AppleTest -->
      <class name="scripts._04_GoogleSearchTest">
        <test-method is-config="true" signature="setup()[pri:0, instance:scripts._04_GoogleSearchTest@401e7803]" started-at="2022-05-28T11:05:10 CDT" name="setup" finished-at="2022-05-28T11:05:11 CDT" duration-ms="1379" status="PASS">
          <reporter-output>
          </reporter-output>
        </test-method> <!-- setup -->
        <test-method signature="testGoogleSearch()[pri:1, instance:scripts._04_GoogleSearchTest@401e7803]" started-at="2022-05-28T11:05:11 CDT" name="testGoogleSearch" description="TC765: Validate Google search" finished-at="2022-05-28T11:05:14 CDT" duration-ms="2921" status="PASS">
          <reporter-output>
          </reporter-output>
        </test-method> <!-- testGoogleSearch -->
        <test-method is-config="true" signature="teardown()[pri:0, instance:scripts._04_GoogleSearchTest@401e7803]" started-at="2022-05-28T11:05:14 CDT" name="teardown" finished-at="2022-05-28T11:05:17 CDT" duration-ms="3127" status="PASS">
          <reporter-output>
          </reporter-output>
        </test-method> <!-- teardown -->
      </class> <!-- scripts._04_GoogleSearchTest -->
    </test> <!-- Command line test -->
  </suite> <!-- Command line suite -->
</testng-results>
